2026-03-06 11:25:32.876 [main] INFO  com.example.demo.DemoApplication - Starting DemoApplication v0.0.1-SNAPSHOT using Java 17.0.18 on DESKTOP-589AKUV with PID 26692 (C:\Users\zzh\Desktop\anti\demo\target\demo-0.0.1-SNAPSHOT.jar started by zzh in C:\Users\zzh\Desktop\anti\demo)
2026-03-06 11:25:32.915 [main] INFO  com.example.demo.DemoApplication - No active profile set, falling back to 1 default profile: "default"
2026-03-06 11:25:40.566 [main] INFO  o.s.b.w.e.tomcat.TomcatWebServer - Tomcat initialized with port(s): 8080 (http)
2026-03-06 11:25:40.586 [main] INFO  o.a.coyote.http11.Http11NioProtocol - Initializing ProtocolHandler ["http-nio-8080"]
2026-03-06 11:25:40.601 [main] INFO  o.a.catalina.core.StandardService - Starting service [Tomcat]
2026-03-06 11:25:40.602 [main] INFO  o.a.catalina.core.StandardEngine - Starting Servlet engine: [Apache Tomcat/9.0.83]
2026-03-06 11:25:40.934 [main] INFO  o.a.c.c.C.[Tomcat].[localhost].[/] - Initializing Spring embedded WebApplicationContext
2026-03-06 11:25:40.935 [main] INFO  o.s.b.w.s.c.ServletWebServerApplicationContext - Root WebApplicationContext: initialization completed in 7536 ms
2026-03-06 11:25:43.758 [main] INFO  c.e.demo.monitor.alert.AlertService - [AlertService] 已注册 1 个告警通知渠道: LOG
2026-03-06 11:25:46.654 [main] INFO  o.a.coyote.http11.Http11NioProtocol - Starting ProtocolHandler ["http-nio-8080"]
2026-03-06 11:25:46.798 [main] INFO  o.s.b.w.e.tomcat.TomcatWebServer - Tomcat started on port(s): 8080 (http) with context path ''
2026-03-06 11:25:46.843 [main] INFO  com.example.demo.DemoApplication - Started DemoApplication in 16.943 seconds (JVM running for 18.479)
2026-03-06 11:25:47.097 [main] WARN  c.b.m.c.t.support.ReflectLambdaMeta - Unable to make field private final java.lang.Class java.lang.invoke.SerializedLambda.capturingClass accessible: module java.base does not "opens java.lang.invoke" to unnamed module @6a5fc7f7
2026-03-06 11:25:47.185 [main] INFO  com.zaxxer.hikari.HikariDataSource - HikariPool-1 - Starting...
2026-03-06 11:25:47.311 [http-nio-8080-exec-1] INFO  o.a.c.c.C.[Tomcat].[localhost].[/] - Initializing Spring DispatcherServlet 'dispatcherServlet'
2026-03-06 11:25:47.313 [http-nio-8080-exec-1] INFO  o.s.web.servlet.DispatcherServlet - Initializing Servlet 'dispatcherServlet'
2026-03-06 11:25:47.318 [http-nio-8080-exec-1] INFO  o.s.web.servlet.DispatcherServlet - Completed initialization in 4 ms
2026-03-06 11:25:47.765 [http-nio-8080-exec-1] INFO  c.e.d.w.session.AgentSessionManager - [WS] Agent 上线: agentId=0E4B26F9FBFBD9B4BAD22032915F121C, sessionId=3af679a5-9d4b-2fef-4773-d36793c1126b
2026-03-06 11:25:48.212 [main] INFO  com.zaxxer.hikari.HikariDataSource - HikariPool-1 - Start completed.
2026-03-06 11:25:48.433 [main] INFO  c.e.d.e.matcher.AhoCorasickMatcher - [AC Matcher] AC 自动机重建完成，关键字数量: 2
2026-03-06 11:25:48.448 [main] INFO  c.e.d.e.matcher.AhoCorasickMatcher - [AC Matcher] AC 自动机重建完成，关键字数量: 2
2026-03-06 11:25:48.466 [main] INFO  c.e.d.e.matcher.AhoCorasickMatcher - [AC Matcher] AC 自动机重建完成，关键字数量: 6
2026-03-06 11:25:48.489 [main] INFO  c.e.d.e.matcher.RegexMatcherCache - [Regex Cache] 正则缓存重建完成，规则数量: 0
2026-03-06 11:25:48.493 [main] INFO  c.e.d.m.r.service.FilterRuleService - [RuleService] 匹配器重建完成
2026-03-06 11:25:48.494 [main] INFO  com.example.demo.config.EngineConfig - [EngineConfig] 规则引擎初始化完成，规则已从 DB 加载
2026-03-06 11:26:25.294 [http-nio-8080-exec-10] INFO  c.e.d.m.m.service.MetricsService - [Metrics] 指标快照已入库: agentId=0E4B26F9FBFBD9B4BAD22032915F121C, snapshotId=15
2026-03-06 11:26:25.300 [http-nio-8080-exec-10] INFO  c.e.d.w.protocol.MessageDispatcher - [Dispatcher] 指标已更新: agentId=0E4B26F9FBFBD9B4BAD22032915F121C, cpu=52.0%, disk=44.9981796645455%, status=YELLOW
2026-03-06 11:26:25.356 [http-nio-8080-exec-10] WARN  c.e.d.m.a.channel.LogAlertChannel - [ALERT] ⚠️ [WARNING] agentId=0E4B26F9FBFBD9B4BAD22032915F121C | 未命名规则 | 值=83% | RAM 83% > 50%
2026-03-06 11:27:25.095 [http-nio-8080-exec-3] INFO  c.e.d.m.m.service.MetricsService - [Metrics] 指标快照已入库: agentId=0E4B26F9FBFBD9B4BAD22032915F121C, snapshotId=16
2026-03-06 11:27:25.095 [http-nio-8080-exec-3] INFO  c.e.d.w.protocol.MessageDispatcher - [Dispatcher] 指标已更新: agentId=0E4B26F9FBFBD9B4BAD22032915F121C, cpu=0.0%, disk=45.001051179628654%, status=GREEN
2026-03-06 11:28:25.201 [http-nio-8080-exec-9] INFO  c.e.d.m.m.service.MetricsService - [Metrics] 指标快照已入库: agentId=0E4B26F9FBFBD9B4BAD22032915F121C, snapshotId=17
2026-03-06 11:28:25.203 [http-nio-8080-exec-9] INFO  c.e.d.w.protocol.MessageDispatcher - [Dispatcher] 指标已更新: agentId=0E4B26F9FBFBD9B4BAD22032915F121C, cpu=17.0%, disk=45.00084607140843%, status=GREEN
2026-03-06 11:29:25.076 [http-nio-8080-exec-4] INFO  c.e.d.m.m.service.MetricsService - [Metrics] 指标快照已入库: agentId=0E4B26F9FBFBD9B4BAD22032915F121C, snapshotId=18
2026-03-06 11:29:25.077 [http-nio-8080-exec-4] INFO  c.e.d.w.protocol.MessageDispatcher - [Dispatcher] 指标已更新: agentId=0E4B26F9FBFBD9B4BAD22032915F121C, cpu=10.0%, disk=45.00033330085786%, status=GREEN
2026-03-06 11:30:24.957 [http-nio-8080-exec-9] INFO  c.e.d.m.m.service.MetricsService - [Metrics] 指标快照已入库: agentId=0E4B26F9FBFBD9B4BAD22032915F121C, snapshotId=19
2026-03-06 11:30:24.958 [http-nio-8080-exec-9] INFO  c.e.d.w.protocol.MessageDispatcher - [Dispatcher] 指标已更新: agentId=0E4B26F9FBFBD9B4BAD22032915F121C, cpu=20.0%, disk=44.99858988098595%, status=GREEN
2026-03-06 11:30:24.977 [http-nio-8080-exec-9] WARN  c.e.d.m.a.channel.LogAlertChannel - [ALERT] ⚠️ [WARNING] agentId=0E4B26F9FBFBD9B4BAD22032915F121C | 未命名规则 | 值=20%,81% | CPU 20% > 10% 且 RAM 81% > 50%
2026-03-06 11:31:25.251 [http-nio-8080-exec-6] INFO  c.e.d.m.m.service.MetricsService - [Metrics] 指标快照已入库: agentId=0E4B26F9FBFBD9B4BAD22032915F121C, snapshotId=20
2026-03-06 11:31:25.252 [http-nio-8080-exec-6] INFO  c.e.d.w.protocol.MessageDispatcher - [Dispatcher] 指标已更新: agentId=0E4B26F9FBFBD9B4BAD22032915F121C, cpu=8.0%, disk=45.00074351729831%, status=GREEN
2026-03-06 11:32:24.880 [http-nio-8080-exec-4] INFO  c.e.d.m.m.service.MetricsService - [Metrics] 指标快照已入库: agentId=0E4B26F9FBFBD9B4BAD22032915F121C, snapshotId=21
2026-03-06 11:32:24.880 [http-nio-8080-exec-4] INFO  c.e.d.w.protocol.MessageDispatcher - [Dispatcher] 指标已更新: agentId=0E4B26F9FBFBD9B4BAD22032915F121C, cpu=23.0%, disk=45.00053840907809%, status=GREEN
2026-03-06 11:33:24.993 [http-nio-8080-exec-3] INFO  c.e.d.m.m.service.MetricsService - [Metrics] 指标快照已入库: agentId=0E4B26F9FBFBD9B4BAD22032915F121C, snapshotId=22
2026-03-06 11:33:24.995 [http-nio-8080-exec-3] INFO  c.e.d.w.protocol.MessageDispatcher - [Dispatcher] 指标已更新: agentId=0E4B26F9FBFBD9B4BAD22032915F121C, cpu=2.0%, disk=44.99971797619719%, status=GREEN
2026-03-06 11:34:25.539 [http-nio-8080-exec-7] INFO  c.e.d.m.m.service.MetricsService - [Metrics] 指标快照已入库: agentId=0E4B26F9FBFBD9B4BAD22032915F121C, snapshotId=23
2026-03-06 11:34:25.541 [http-nio-8080-exec-7] INFO  c.e.d.w.protocol.MessageDispatcher - [Dispatcher] 指标已更新: agentId=0E4B26F9FBFBD9B4BAD22032915F121C, cpu=35.0%, disk=44.99735923166461%, status=YELLOW
2026-03-06 11:35:25.428 [http-nio-8080-exec-4] INFO  c.e.d.m.m.service.MetricsService - [Metrics] 指标快照已入库: agentId=0E4B26F9FBFBD9B4BAD22032915F121C, snapshotId=24
2026-03-06 11:35:25.430 [http-nio-8080-exec-4] INFO  c.e.d.w.protocol.MessageDispatcher - [Dispatcher] 指标已更新: agentId=0E4B26F9FBFBD9B4BAD22032915F121C, cpu=6.0%, disk=44.9990000974264%, status=GREEN
2026-03-06 11:36:24.836 [http-nio-8080-exec-5] INFO  c.e.d.m.m.service.MetricsService - [Metrics] 指标快照已入库: agentId=0E4B26F9FBFBD9B4BAD22032915F121C, snapshotId=25
2026-03-06 11:36:24.836 [http-nio-8080-exec-5] INFO  c.e.d.w.protocol.MessageDispatcher - [Dispatcher] 指标已更新: agentId=0E4B26F9FBFBD9B4BAD22032915F121C, cpu=18.0%, disk=44.99889754331629%, status=GREEN
2026-03-06 11:36:24.852 [http-nio-8080-exec-5] WARN  c.e.d.m.a.channel.LogAlertChannel - [ALERT] ⚠️ [WARNING] agentId=0E4B26F9FBFBD9B4BAD22032915F121C | 未命名规则 | 值=18%,85% | CPU 18% > 10% 且 RAM 85% > 50%
2026-03-06 11:37:24.785 [http-nio-8080-exec-9] INFO  c.e.d.m.m.service.MetricsService - [Metrics] 指标快照已入库: agentId=0E4B26F9FBFBD9B4BAD22032915F121C, snapshotId=26
2026-03-06 11:37:24.785 [http-nio-8080-exec-9] INFO  c.e.d.w.protocol.MessageDispatcher - [Dispatcher] 指标已更新: agentId=0E4B26F9FBFBD9B4BAD22032915F121C, cpu=3.0%, disk=44.99920520564663%, status=GREEN
2026-03-06 11:38:24.868 [http-nio-8080-exec-4] INFO  c.e.d.m.m.service.MetricsService - [Metrics] 指标快照已入库: agentId=0E4B26F9FBFBD9B4BAD22032915F121C, snapshotId=27
2026-03-06 11:38:24.869 [http-nio-8080-exec-4] INFO  c.e.d.w.protocol.MessageDispatcher - [Dispatcher] 指标已更新: agentId=0E4B26F9FBFBD9B4BAD22032915F121C, cpu=20.0%, disk=44.996846461114046%, status=GREEN
2026-03-06 11:39:24.889 [http-nio-8080-exec-5] INFO  c.e.d.m.m.service.MetricsService - [Metrics] 指标快照已入库: agentId=0E4B26F9FBFBD9B4BAD22032915F121C, snapshotId=28
2026-03-06 11:39:24.889 [http-nio-8080-exec-5] INFO  c.e.d.w.protocol.MessageDispatcher - [Dispatcher] 指标已更新: agentId=0E4B26F9FBFBD9B4BAD22032915F121C, cpu=7.0%, disk=44.99858988098595%, status=GREEN
2026-03-06 11:40:25.167 [http-nio-8080-exec-6] INFO  c.e.d.m.m.service.MetricsService - [Metrics] 指标快照已入库: agentId=0E4B26F9FBFBD9B4BAD22032915F121C, snapshotId=29
2026-03-06 11:40:25.168 [http-nio-8080-exec-6] INFO  c.e.d.w.protocol.MessageDispatcher - [Dispatcher] 指标已更新: agentId=0E4B26F9FBFBD9B4BAD22032915F121C, cpu=31.0%, disk=44.99848732687584%, status=YELLOW
2026-03-06 11:41:25.177 [http-nio-8080-exec-2] INFO  c.e.d.m.m.service.MetricsService - [Metrics] 指标快照已入库: agentId=0E4B26F9FBFBD9B4BAD22032915F121C, snapshotId=30
2026-03-06 11:41:25.177 [http-nio-8080-exec-2] INFO  c.e.d.w.protocol.MessageDispatcher - [Dispatcher] 指标已更新: agentId=0E4B26F9FBFBD9B4BAD22032915F121C, cpu=0.0%, disk=45.00002563852753%, status=GREEN
2026-03-06 11:42:25.241 [http-nio-8080-exec-4] INFO  c.e.d.m.m.service.MetricsService - [Metrics] 指标快照已入库: agentId=0E4B26F9FBFBD9B4BAD22032915F121C, snapshotId=31
2026-03-06 11:42:25.243 [http-nio-8080-exec-4] INFO  c.e.d.w.protocol.MessageDispatcher - [Dispatcher] 指标已更新: agentId=0E4B26F9FBFBD9B4BAD22032915F121C, cpu=24.0%, disk=44.99715412344438%, status=GREEN
2026-03-06 11:42:25.260 [http-nio-8080-exec-4] WARN  c.e.d.m.a.channel.LogAlertChannel - [ALERT] ⚠️ [WARNING] agentId=0E4B26F9FBFBD9B4BAD22032915F121C | 未命名规则 | 值=24%,89% | CPU 24% > 10% 且 RAM 89% > 50%
2026-03-06 11:43:25.394 [http-nio-8080-exec-8] INFO  c.e.d.m.m.service.MetricsService - [Metrics] 指标快照已入库: agentId=0E4B26F9FBFBD9B4BAD22032915F121C, snapshotId=32
2026-03-06 11:43:25.395 [http-nio-8080-exec-8] INFO  c.e.d.w.protocol.MessageDispatcher - [Dispatcher] 指标已更新: agentId=0E4B26F9FBFBD9B4BAD22032915F121C, cpu=57.0%, disk=44.99838477276573%, status=YELLOW
2026-03-06 11:43:25.412 [http-nio-8080-exec-8] WARN  c.e.d.m.a.channel.LogAlertChannel - [ALERT] ⚠️ [WARNING] agentId=0E4B26F9FBFBD9B4BAD22032915F121C | 未命名规则 | 值=87%,57% | RAM 87% > 50% 且 CPU 57% > 50%
